app/build/intermediates/manifest_merge_blame_file/debug/manifest-merger-blame-debug-report.txt
1<?xml version="1.0" encoding="utf-8"?>
2<manifest xmlns:android="http://schemas.android.com/apk/res/android"
3    package="br.com.testwebserviceapi"
4    android:versionCode="1"
5    android:versionName="1.0" >
6
7    <uses-sdk
8        android:minSdkVersion="15"
8-->src/main/AndroidManifest.xml
9        android:targetSdkVersion="29" />
9-->src/main/AndroidManifest.xml
10
11    <uses-permission android:name="android.permission.INTERNET" />
11-->src/main/AndroidManifest.xml:6:5-67
11-->src/main/AndroidManifest.xml:6:22-64
12
13    <application
13-->src/main/AndroidManifest.xml:8:5-42:19
14        android:allowBackup="true"
14-->src/main/AndroidManifest.xml:9:9-35
15        android:appComponentFactory="androidx.core.app.CoreComponentFactory"
15-->[androidx.core:core:1.0.1] AndroidManifest.xml:22:18-86
16        android:debuggable="true"
17        android:icon="@mipmap/ic_launcher"
17-->src/main/AndroidManifest.xml:10:9-43
18        android:label="@string/app_name"
18-->src/main/AndroidManifest.xml:11:9-41
19        android:roundIcon="@mipmap/ic_launcher_round"
19-->src/main/AndroidManifest.xml:12:9-54
20        android:supportsRtl="true"
20-->src/main/AndroidManifest.xml:13:9-35
21        android:testOnly="true"
22        android:theme="@style/AppTheme" >
22-->src/main/AndroidManifest.xml:14:9-40
23        <activity android:name="br.com.testwebserviceapi.LoginActivity" >
23-->src/main/AndroidManifest.xml:16:9-22:20
23-->src/main/AndroidManifest.xml:16:19-48
24            <intent-filter>
24-->src/main/AndroidManifest.xml:17:13-21:29
25                <action android:name="android.intent.action.MAIN" />
25-->src/main/AndroidManifest.xml:18:17-69
25-->src/main/AndroidManifest.xml:18:25-66
26
27                <category android:name="android.intent.category.LAUNCHER" />
27-->src/main/AndroidManifest.xml:20:17-77
27-->src/main/AndroidManifest.xml:20:27-74
28            </intent-filter>
29        </activity>
30        <activity
30-->src/main/AndroidManifest.xml:24:9-28:52
31            android:name="br.com.testwebserviceapi.RegisterActivity"
31-->src/main/AndroidManifest.xml:25:13-45
32            android:label="@null"
32-->src/main/AndroidManifest.xml:26:13-34
33            android:parentActivityName="br.com.testwebserviceapi.LoginActivity"
33-->src/main/AndroidManifest.xml:27:13-56
34            android:screenOrientation="portrait" />
34-->src/main/AndroidManifest.xml:28:13-49
35        <activity
35-->src/main/AndroidManifest.xml:30:9-35:48
36            android:name="br.com.testwebserviceapi.HomeActivity"
36-->src/main/AndroidManifest.xml:31:13-41
37            android:label="@string/home"
37-->src/main/AndroidManifest.xml:32:13-41
38            android:parentActivityName="br.com.testwebserviceapi.LoginActivity"
38-->src/main/AndroidManifest.xml:33:13-56
39            android:screenOrientation="portrait"
39-->src/main/AndroidManifest.xml:34:13-49
40            android:theme="@style/AppThemes" />
40-->src/main/AndroidManifest.xml:35:13-45
41        <activity
41-->src/main/AndroidManifest.xml:37:9-41:52
42            android:name="br.com.testwebserviceapi.UpdateActivity"
42-->src/main/AndroidManifest.xml:38:13-43
43            android:label="@null"
43-->src/main/AndroidManifest.xml:39:13-34
44            android:parentActivityName="br.com.testwebserviceapi.HomeActivity"
44-->src/main/AndroidManifest.xml:40:13-55
45            android:screenOrientation="portrait" />
45-->src/main/AndroidManifest.xml:41:13-49
46    </application>
47
48</manifest>